<?xml version='1.0' encoding='utf-8'?>
<testsuites tests="14" failures="1" errors="0" skipped="0" time="45.977"><testsuite name="Root Suite" timestamp="2023-05-25T09:12:23" tests="0" file="cypress\e2e\Features\uploadFileDemo\uploadFile.feature" time="0" failures="0" errors="0" skipped="0">
  </testsuite>
  <testsuite name="[Uploading files]" timestamp="2023-05-25T09:12:23" tests="2" time="5.27" failures="0" errors="0" skipped="0">
    <testcase name="[Uploading files] the user imports a file" time="4.016" classname="the user imports a file">
    </testcase>
    <testcase name="[Uploading files] the user drags and drops a file" time="1.254" classname="the user drags and drops a file">
    </testcase>
  </testsuite>
<testsuite name="Root Suite" timestamp="2023-05-25T09:10:25" tests="0" file="cypress\e2e\Features\checkboxDemo\singleCheckbox.feature" time="0" failures="0" errors="0" skipped="0">
  </testsuite>
  <testsuite name="[Checkbox]" timestamp="2023-05-25T09:10:25" tests="1" time="2.196" failures="0" errors="0" skipped="0">
    <testcase name="[Checkbox] The user checks the checkbox" time="2.196" classname="The user checks the checkbox">
    </testcase>
  </testsuite>
<testsuite name="Root Suite" timestamp="2023-05-25T09:11:17" tests="0" file="cypress\e2e\Features\javascriptAlertBoxDemo\javascriptPromptAlertBox.feature" time="0" failures="0" errors="0" skipped="0">
  </testsuite>
  <testsuite name="[Javascript prompt alert box]" timestamp="2023-05-25T09:11:17" tests="1" time="4.233" failures="0" errors="0" skipped="0">
    <testcase name="[Javascript prompt alert box] the user clicks the button" time="4.233" classname="the user clicks the button">
    </testcase>
  </testsuite>
<testsuite name="Root Suite" timestamp="2023-05-25T09:11:02" tests="0" file="cypress\e2e\Features\javascriptAlertBoxDemo\javascriptAlertBox.feature" time="0" failures="0" errors="0" skipped="0">
  </testsuite>
  <testsuite name="[Javascript alert box]" timestamp="2023-05-25T09:11:02" tests="1" time="4.205" failures="0" errors="0" skipped="0">
    <testcase name="[Javascript alert box] the user clicks the button" time="4.205" classname="the user clicks the button">
    </testcase>
  </testsuite>
<testsuite name="Root Suite" timestamp="2023-05-25T09:11:48" tests="0" file="cypress\e2e\Features\simpleFormDemo\singleInputField.feature" time="0" failures="0" errors="0" skipped="0">
  </testsuite>
  <testsuite name="[Single Input Field]" timestamp="2023-05-25T09:11:48" tests="2" time="5.986" failures="0" errors="0" skipped="0">
    <testcase name="[Single Input Field] The user inputs a message and clicks the button" time="5.101" classname="The user inputs a message and clicks the button">
    </testcase>
    <testcase name="[Single Input Field] The user inputs a message" time="0.885" classname="The user inputs a message">
    </testcase>
  </testsuite>
<testsuite name="Root Suite" timestamp="2023-05-25T09:10:00" tests="0" file="cypress\e2e\Features\bootstrapDatePicker\startToEndDate.feature" time="0" failures="0" errors="0" skipped="0">
  </testsuite>
  <testsuite name="[Start To End Date Picker]" timestamp="2023-05-25T09:10:00" tests="3" time="13.755" failures="0" errors="0" skipped="0">
    <testcase name="[Start To End Date Picker] The user selects valid start and end dates" time="8.095" classname="The user selects valid start and end dates">
    </testcase>
    <testcase name="[Start To End Date Picker] The user selects a start date that is after the end date" time="2.867" classname="The user selects a start date that is after the end date">
    </testcase>
    <testcase name="[Start To End Date Picker] The user selects a end date that is before the start date" time="2.793" classname="The user selects a end date that is before the start date">
    </testcase>
  </testsuite>
<testsuite name="Root Suite" timestamp="2023-05-25T09:10:38" tests="0" file="cypress\e2e\Features\inputFormSubmit\inputFormSubmit.feature" time="0" failures="0" errors="0" skipped="0">
  </testsuite>
  <testsuite name="[Submitting forms]" timestamp="2023-05-25T09:10:38" tests="1" time="0.0" failures="1" errors="0" skipped="0">
    <testcase name="[Submitting forms] The user submits a valid form" time="0.000" classname="The user submits a valid form">
      <failure message="Timed out retrying after 4000ms: expected '&lt;p.success-msg.hidden&gt;' to contain 'Thanks for contacting us,fe we will get back to you shortly.'" type="AssertionError">AssertionError: Timed out retrying after 4000ms: expected '&lt;p.success-msg.hidden&gt;' to contain 'Thanks for contacting us,fe we will get back to you shortly.'
    at InputForm.assertSubmit (cypress/POM/inputFormSubmit.js:42:32)
    at Context.eval (cypress/e2e/stepDefinitions/steps.js:26:23)
    at Context.resolveAndRunStepDefinition (node_modules/cypress-cucumber-preprocessor/lib/resolveStepDefinition.js:193:0)
    at Context.eval (node_modules/cypress-cucumber-preprocessor/lib/createTestFromScenario.js:27:0)</failure>
    </testcase>
  </testsuite>
<testsuite name="Root Suite" timestamp="2023-05-25T09:11:33" tests="0" file="cypress\e2e\Features\jquerySelectDropdown\dropDownWithSearchBox.feature" time="0" failures="0" errors="0" skipped="0">
  </testsuite>
  <testsuite name="[Dropdown with search box]" timestamp="2023-05-25T09:11:33" tests="1" time="4.234" failures="0" errors="0" skipped="0">
    <testcase name="[Dropdown with search box] The user searches for &quot;Hong&quot; and selects &quot;Hong Kong&quot;" time="4.234" classname="The user searches for &quot;Hong&quot; and selects &quot;Hong Kong&quot;">
    </testcase>
  </testsuite>
<testsuite name="Root Suite" timestamp="2023-05-25T09:12:05" tests="0" file="cypress\e2e\Features\simpleFormDemo\twoInputFields.feature" time="0" failures="0" errors="0" skipped="0">
  </testsuite>
  <testsuite name="[Sum Two Input Fields]" timestamp="2023-05-25T09:12:06" tests="2" time="6.098" failures="0" errors="0" skipped="0">
    <testcase name="[Sum Two Input Fields] The user inputs two numbers and clicks the button" time="4.195" classname="The user inputs two numbers and clicks the button">
    </testcase>
    <testcase name="[Sum Two Input Fields] The user inputs two symbols and clicks the button" time="1.903" classname="The user inputs two symbols and clicks the button">
    </testcase>
  </testsuite>
</testsuites>